<xml>
    <version>1.0-SNAPSHOT</version>
    <somethingElse>asdf</somethingElse>
    <somethingElse>-test-</somethingElse>
    <somethingElse>-test-</somethingElse>
    <somethingElse>asdf</somethingElse>
</xml>